0 info it worked if it ends with ok
1 verbose cli [ 'C:\\Program Files\\nodejs\\node.exe',
1 verbose cli   'C:\\Program Files\\nodejs\\node_modules\\npm\\bin\\npm-cli.js',
1 verbose cli   'run',
1 verbose cli   'dev' ]
2 info using npm@4.1.2
3 info using node@v7.7.3
4 verbose run-script [ 'predev', 'dev', 'postdev' ]
5 info lifecycle demo-mongoose@1.0.0~predev: demo-mongoose@1.0.0
6 silly lifecycle demo-mongoose@1.0.0~predev: no script for predev, continuing
7 info lifecycle demo-mongoose@1.0.0~dev: demo-mongoose@1.0.0
8 verbose lifecycle demo-mongoose@1.0.0~dev: unsafe-perm in lifecycle true
9 verbose lifecycle demo-mongoose@1.0.0~dev: PATH: C:\Program Files\nodejs\node_modules\npm\bin\node-gyp-bin;C:\Users\tonim\OneDrive\Documentos\SkyLab Coders\Course\Backend\07 Semana\ToDoList mongoose_structured\node_modules\.bin;C:\Users\tonim\OneDrive\Documentos\SkyLab Coders\Programas\cmder\bin;C:\Users\tonim\OneDrive\Documentos\SkyLab Coders\Programas\cmder\vendor\git-for-windows\cmd;C:\Users\tonim\OneDrive\Documentos\SkyLab Coders\Programas\cmder\vendor\conemu-maximus5\ConEmu\Scripts;C:\Users\tonim\OneDrive\Documentos\SkyLab Coders\Programas\cmder\vendor\conemu-maximus5;C:\Users\tonim\OneDrive\Documentos\SkyLab Coders\Programas\cmder\vendor\conemu-maximus5\ConEmu;C:\Program Files (x86)\Intel\iCLS Client\;C:\Program Files\Intel\iCLS Client\;C:\windows\system32;C:\windows;C:\windows\System32\Wbem;C:\windows\System32\WindowsPowerShell\v1.0\;C:\Program Files (x86)\Intel\Intel(R) Management Engine Components\DAL;C:\Program Files\Intel\Intel(R) Management Engine Components\DAL;C:\Program Files (x86)\Intel\Intel(R) Management Engine Components\IPT;C:\Program Files\Intel\Intel(R) Management Engine Components\IPT;C:\Program Files (x86)\NVIDIA Corporation\PhysX\Common;c:\Program Files\Intel\WiFi\bin\;c:\Program Files\Common Files\Intel\WirelessCommon\;C:\Program Files\nodejs\;C:\Users\tonim\AppData\Local\Microsoft\WindowsApps;C:\Users\tonim\AppData\Roaming\npm;C:\Program Files (x86)\Microsoft VS Code\bin;C:\Program Files\MongoDB\Server\3.4\bin;C:\Users\tonim\OneDrive\Documentos\SkyLab Coders\Programas\cmder\vendor\git-for-windows\usr\bin;C:\Users\tonim\OneDrive\Documentos\SkyLab Coders\Programas\cmder\vendor\git-for-windows\usr\share\vim\vim74;C:\Users\tonim\OneDrive\Documentos\SkyLab Coders\Programas\cmder\
10 verbose lifecycle demo-mongoose@1.0.0~dev: CWD: C:\Users\tonim\OneDrive\Documentos\SkyLab Coders\Course\Backend\07 Semana\ToDoList mongoose_structured
11 silly lifecycle demo-mongoose@1.0.0~dev: Args: [ '/d /s /c', 'supervisor server/app' ]
12 silly lifecycle demo-mongoose@1.0.0~dev: Returned: code: 1  signal: null
13 info lifecycle demo-mongoose@1.0.0~dev: Failed to exec dev script
14 verbose stack Error: demo-mongoose@1.0.0 dev: `supervisor server/app`
14 verbose stack Exit status 1
14 verbose stack     at EventEmitter.<anonymous> (C:\Program Files\nodejs\node_modules\npm\lib\utils\lifecycle.js:279:16)
14 verbose stack     at emitTwo (events.js:106:13)
14 verbose stack     at EventEmitter.emit (events.js:194:7)
14 verbose stack     at ChildProcess.<anonymous> (C:\Program Files\nodejs\node_modules\npm\lib\utils\spawn.js:40:14)
14 verbose stack     at emitTwo (events.js:106:13)
14 verbose stack     at ChildProcess.emit (events.js:194:7)
14 verbose stack     at maybeClose (internal/child_process.js:899:16)
14 verbose stack     at Process.ChildProcess._handle.onexit (internal/child_process.js:226:5)
15 verbose pkgid demo-mongoose@1.0.0
16 verbose cwd C:\Users\tonim\OneDrive\Documentos\SkyLab Coders\Course\Backend\07 Semana\ToDoList mongoose_structured
17 error Windows_NT 10.0.14393
18 error argv "C:\\Program Files\\nodejs\\node.exe" "C:\\Program Files\\nodejs\\node_modules\\npm\\bin\\npm-cli.js" "run" "dev"
19 error node v7.7.3
20 error npm  v4.1.2
21 error code ELIFECYCLE
22 error demo-mongoose@1.0.0 dev: `supervisor server/app`
22 error Exit status 1
23 error Failed at the demo-mongoose@1.0.0 dev script 'supervisor server/app'.
23 error Make sure you have the latest version of node.js and npm installed.
23 error If you do, this is most likely a problem with the demo-mongoose package,
23 error not with npm itself.
23 error Tell the author that this fails on your system:
23 error     supervisor server/app
23 error You can get information on how to open an issue for this project with:
23 error     npm bugs demo-mongoose
23 error Or if that isn't available, you can get their info via:
23 error     npm owner ls demo-mongoose
23 error There is likely additional logging output above.
24 verbose exit [ 1, true ]
